<?xml version="1.0" encoding="UTF-8"?>
<!-- Generated by org.testng.reporters.JUnitReportReporter -->
<testsuite hostname="IN-PG02NJQY" failures="0" tests="3" name="tests.HomeTest" time="15.256" errors="0" timestamp="2023-05-29T18:41:01 IST" skipped="0">
  <testcase classname="tests.HomeTest" name="chooseTest" time="2.460"/>
  <system-out/>
  <testcase classname="tests.HomeTest" name="formFill" time="11.191"/>
  <system-out/>
  <testcase classname="tests.HomeTest" name="homeTest" time="1.605"/>
  <system-out/>
</testsuite> <!-- tests.HomeTest -->
