<?xml version="1.0" encoding="UTF-8"?>
<!-- Generated by org.testng.reporters.JUnitReportReporter -->
<testsuite hostname="IN-PG02NJQY" failures="0" tests="3" name="tests.HomeTest" time="10.257" errors="0" timestamp="2023-05-30T00:07:12 IST" skipped="0">
  <testcase classname="tests.HomeTest" name="chooseTest" time="4.882"/>
  <system-out/>
  <testcase classname="tests.HomeTest" name="homeTest" time="1.190"/>
  <system-out/>
  <testcase classname="tests.HomeTest" name="formFill" time="4.185"/>
  <system-out/>
</testsuite> <!-- tests.HomeTest -->
